2022-01-07 21:17:35,863 - c:\users\9i00029\appdata\local\programs\python\python37\lib\site-packages\django\utils\log.py:228 - Not Found: /join/6tcp2ktq28/
2022-01-07 21:56:21,198 - c:\users\9i00029\appdata\local\programs\python\python37\lib\site-packages\django\utils\log.py:228 - Not Found: /join/scmyc0wc30/
2022-01-07 21:59:48,577 - c:\users\9i00029\appdata\local\programs\python\python37\lib\site-packages\django\utils\log.py:228 - Not Found: /static/bootstrap4/js/bootstrap.bundle.min.js.map
2022-01-07 21:59:48,624 - c:\users\9i00029\appdata\local\programs\python\python37\lib\site-packages\django\utils\log.py:228 - Not Found: /static/bootstrap4/css/bootstrap.min.css.map
2022-01-07 22:00:43,578 - c:\users\9i00029\appdata\local\programs\python\python37\lib\site-packages\django\utils\log.py:228 - Not Found: /static/bootstrap4/js/bootstrap.bundle.min.js.map
2022-01-07 22:00:43,623 - c:\users\9i00029\appdata\local\programs\python\python37\lib\site-packages\django\utils\log.py:228 - Not Found: /static/bootstrap4/css/bootstrap.min.css.map
2022-01-07 22:00:46,750 - c:\users\9i00029\appdata\local\programs\python\python37\lib\site-packages\django\utils\log.py:228 - Not Found: /static/bootstrap4/js/bootstrap.bundle.min.js.map
2022-01-07 22:00:46,822 - c:\users\9i00029\appdata\local\programs\python\python37\lib\site-packages\django\utils\log.py:228 - Not Found: /static/bootstrap4/css/bootstrap.min.css.map
2022-01-07 22:00:48,685 - c:\users\9i00029\appdata\local\programs\python\python37\lib\site-packages\django\utils\log.py:228 - Not Found: /static/bootstrap4/css/bootstrap.min.css.map
2022-01-07 22:00:48,719 - c:\users\9i00029\appdata\local\programs\python\python37\lib\site-packages\django\utils\log.py:228 - Not Found: /static/bootstrap4/js/bootstrap.bundle.min.js.map
2022-01-07 22:00:50,718 - c:\users\9i00029\appdata\local\programs\python\python37\lib\site-packages\django\utils\log.py:228 - Not Found: /static/bootstrap4/css/bootstrap.min.css.map
2022-01-07 22:00:50,745 - c:\users\9i00029\appdata\local\programs\python\python37\lib\site-packages\django\utils\log.py:228 - Not Found: /static/bootstrap4/js/bootstrap.bundle.min.js.map
2022-01-07 22:02:13,013 - c:\users\9i00029\appdata\local\programs\python\python37\lib\site-packages\django\utils\log.py:228 - Not Found: /static/bootstrap4/css/bootstrap.min.css.map
2022-01-07 22:02:13,061 - c:\users\9i00029\appdata\local\programs\python\python37\lib\site-packages\django\utils\log.py:228 - Not Found: /static/bootstrap4/js/bootstrap.bundle.min.js.map
2022-01-07 22:02:14,277 - c:\users\9i00029\appdata\local\programs\python\python37\lib\site-packages\django\utils\log.py:228 - Not Found: /static/bootstrap4/css/bootstrap.min.css.map
2022-01-07 22:02:14,305 - c:\users\9i00029\appdata\local\programs\python\python37\lib\site-packages\django\utils\log.py:228 - Not Found: /static/bootstrap4/js/bootstrap.bundle.min.js.map
2022-01-07 22:02:29,817 - c:\users\9i00029\appdata\local\programs\python\python37\lib\site-packages\django\utils\log.py:228 - Not Found: /static/bootstrap4/js/bootstrap.bundle.min.js.map
2022-01-07 22:02:29,909 - c:\users\9i00029\appdata\local\programs\python\python37\lib\site-packages\django\utils\log.py:228 - Not Found: /static/bootstrap4/css/bootstrap.min.css.map
2022-01-07 22:02:31,858 - c:\users\9i00029\appdata\local\programs\python\python37\lib\site-packages\django\utils\log.py:228 - Not Found: /static/bootstrap4/css/bootstrap.min.css.map
2022-01-07 22:02:31,896 - c:\users\9i00029\appdata\local\programs\python\python37\lib\site-packages\django\utils\log.py:228 - Not Found: /static/bootstrap4/js/bootstrap.bundle.min.js.map
2022-01-07 22:02:33,379 - c:\users\9i00029\appdata\local\programs\python\python37\lib\site-packages\django\utils\log.py:228 - Not Found: /static/bootstrap4/css/bootstrap.min.css.map
2022-01-07 22:02:33,406 - c:\users\9i00029\appdata\local\programs\python\python37\lib\site-packages\django\utils\log.py:228 - Not Found: /static/bootstrap4/js/bootstrap.bundle.min.js.map
2022-01-07 22:06:00,238 - c:\users\9i00029\appdata\local\programs\python\python37\lib\site-packages\django\utils\log.py:228 - Not Found: /static/bootstrap4/css/bootstrap.min.css.map
2022-01-07 22:06:00,258 - c:\users\9i00029\appdata\local\programs\python\python37\lib\site-packages\django\utils\log.py:228 - Not Found: /static/bootstrap4/js/bootstrap.bundle.min.js.map
2022-01-07 22:06:02,427 - c:\users\9i00029\appdata\local\programs\python\python37\lib\site-packages\django\utils\log.py:228 - Not Found: /join/7agdfmxg1x/
2022-01-07 22:06:06,745 - c:\users\9i00029\appdata\local\programs\python\python37\lib\site-packages\django\utils\log.py:228 - Not Found: /static/bootstrap4/css/bootstrap.min.css.map
2022-01-07 22:06:06,783 - c:\users\9i00029\appdata\local\programs\python\python37\lib\site-packages\django\utils\log.py:228 - Not Found: /static/bootstrap4/js/bootstrap.bundle.min.js.map
2022-01-07 22:06:07,832 - c:\users\9i00029\appdata\local\programs\python\python37\lib\site-packages\django\utils\log.py:228 - Not Found: /static/bootstrap4/css/bootstrap.min.css.map
2022-01-07 22:06:07,848 - c:\users\9i00029\appdata\local\programs\python\python37\lib\site-packages\django\utils\log.py:228 - Not Found: /static/bootstrap4/js/bootstrap.bundle.min.js.map
2022-01-07 22:06:11,314 - c:\users\9i00029\appdata\local\programs\python\python37\lib\site-packages\django\utils\log.py:228 - Not Found: /static/bootstrap4/js/bootstrap.bundle.min.js.map
2022-01-07 22:06:11,424 - c:\users\9i00029\appdata\local\programs\python\python37\lib\site-packages\django\utils\log.py:228 - Not Found: /static/bootstrap4/css/bootstrap.min.css.map
2022-01-07 22:06:13,312 - c:\users\9i00029\appdata\local\programs\python\python37\lib\site-packages\django\utils\log.py:228 - Not Found: /static/bootstrap4/css/bootstrap.min.css.map
2022-01-07 22:06:13,348 - c:\users\9i00029\appdata\local\programs\python\python37\lib\site-packages\django\utils\log.py:228 - Not Found: /static/bootstrap4/js/bootstrap.bundle.min.js.map
2022-01-07 22:06:15,457 - c:\users\9i00029\appdata\local\programs\python\python37\lib\site-packages\django\utils\log.py:228 - Not Found: /static/bootstrap4/css/bootstrap.min.css.map
2022-01-07 22:06:15,489 - c:\users\9i00029\appdata\local\programs\python\python37\lib\site-packages\django\utils\log.py:228 - Not Found: /static/bootstrap4/js/bootstrap.bundle.min.js.map
2022-01-07 22:10:05,266 - c:\users\9i00029\appdata\local\programs\python\python37\lib\site-packages\django\utils\log.py:228 - Not Found: /static/bootstrap4/css/bootstrap.min.css.map
2022-01-07 22:10:05,320 - c:\users\9i00029\appdata\local\programs\python\python37\lib\site-packages\django\utils\log.py:228 - Not Found: /static/bootstrap4/js/bootstrap.bundle.min.js.map
2022-01-07 22:10:06,416 - c:\users\9i00029\appdata\local\programs\python\python37\lib\site-packages\django\utils\log.py:228 - Not Found: /static/bootstrap4/css/bootstrap.min.css.map
2022-01-07 22:10:06,433 - c:\users\9i00029\appdata\local\programs\python\python37\lib\site-packages\django\utils\log.py:228 - Not Found: /static/bootstrap4/js/bootstrap.bundle.min.js.map
2022-01-07 22:10:09,970 - c:\users\9i00029\appdata\local\programs\python\python37\lib\site-packages\django\utils\log.py:228 - Not Found: /static/bootstrap4/js/bootstrap.bundle.min.js.map
2022-01-07 22:10:10,013 - c:\users\9i00029\appdata\local\programs\python\python37\lib\site-packages\django\utils\log.py:228 - Not Found: /static/bootstrap4/css/bootstrap.min.css.map
2022-01-07 22:10:12,414 - c:\users\9i00029\appdata\local\programs\python\python37\lib\site-packages\django\utils\log.py:228 - Not Found: /static/bootstrap4/css/bootstrap.min.css.map
2022-01-07 22:10:12,438 - c:\users\9i00029\appdata\local\programs\python\python37\lib\site-packages\django\utils\log.py:228 - Not Found: /static/bootstrap4/js/bootstrap.bundle.min.js.map
2022-01-07 22:10:13,913 - c:\users\9i00029\appdata\local\programs\python\python37\lib\site-packages\django\utils\log.py:228 - Not Found: /static/bootstrap4/css/bootstrap.min.css.map
2022-01-07 22:10:13,944 - c:\users\9i00029\appdata\local\programs\python\python37\lib\site-packages\django\utils\log.py:228 - Not Found: /static/bootstrap4/js/bootstrap.bundle.min.js.map
2022-01-07 22:12:46,730 - c:\users\9i00029\appdata\local\programs\python\python37\lib\site-packages\django\utils\log.py:228 - Not Found: /static/bootstrap4/css/bootstrap.min.css.map
2022-01-07 22:12:46,759 - c:\users\9i00029\appdata\local\programs\python\python37\lib\site-packages\django\utils\log.py:228 - Not Found: /static/bootstrap4/js/bootstrap.bundle.min.js.map
2022-01-07 22:12:47,891 - c:\users\9i00029\appdata\local\programs\python\python37\lib\site-packages\django\utils\log.py:228 - Not Found: /static/bootstrap4/css/bootstrap.min.css.map
2022-01-07 22:12:47,931 - c:\users\9i00029\appdata\local\programs\python\python37\lib\site-packages\django\utils\log.py:228 - Not Found: /static/bootstrap4/js/bootstrap.bundle.min.js.map
2022-01-07 22:12:51,085 - c:\users\9i00029\appdata\local\programs\python\python37\lib\site-packages\django\utils\log.py:228 - Not Found: /static/bootstrap4/js/bootstrap.bundle.min.js.map
2022-01-07 22:12:51,194 - c:\users\9i00029\appdata\local\programs\python\python37\lib\site-packages\django\utils\log.py:228 - Not Found: /static/bootstrap4/css/bootstrap.min.css.map
2022-01-07 22:12:52,844 - c:\users\9i00029\appdata\local\programs\python\python37\lib\site-packages\django\utils\log.py:228 - Not Found: /static/bootstrap4/css/bootstrap.min.css.map
2022-01-07 22:12:52,869 - c:\users\9i00029\appdata\local\programs\python\python37\lib\site-packages\django\utils\log.py:228 - Not Found: /static/bootstrap4/js/bootstrap.bundle.min.js.map
2022-01-07 22:12:54,579 - c:\users\9i00029\appdata\local\programs\python\python37\lib\site-packages\django\utils\log.py:228 - Not Found: /static/bootstrap4/css/bootstrap.min.css.map
2022-01-07 22:12:54,613 - c:\users\9i00029\appdata\local\programs\python\python37\lib\site-packages\django\utils\log.py:228 - Not Found: /static/bootstrap4/js/bootstrap.bundle.min.js.map
2022-01-07 22:16:18,159 - c:\users\9i00029\appdata\local\programs\python\python37\lib\site-packages\django\utils\log.py:228 - Not Found: /static/bootstrap4/css/bootstrap.min.css.map
2022-01-07 22:16:18,182 - c:\users\9i00029\appdata\local\programs\python\python37\lib\site-packages\django\utils\log.py:228 - Not Found: /static/bootstrap4/js/bootstrap.bundle.min.js.map
2022-01-07 22:16:19,704 - c:\users\9i00029\appdata\local\programs\python\python37\lib\site-packages\django\utils\log.py:228 - Not Found: /join/61rxdwbc4c/
2022-01-07 22:16:23,759 - c:\users\9i00029\appdata\local\programs\python\python37\lib\site-packages\django\utils\log.py:228 - Not Found: /static/bootstrap4/css/bootstrap.min.css.map
2022-01-07 22:16:23,773 - c:\users\9i00029\appdata\local\programs\python\python37\lib\site-packages\django\utils\log.py:228 - Not Found: /static/bootstrap4/js/bootstrap.bundle.min.js.map
2022-01-07 22:16:24,878 - c:\users\9i00029\appdata\local\programs\python\python37\lib\site-packages\django\utils\log.py:228 - Not Found: /static/bootstrap4/css/bootstrap.min.css.map
2022-01-07 22:16:24,903 - c:\users\9i00029\appdata\local\programs\python\python37\lib\site-packages\django\utils\log.py:228 - Not Found: /static/bootstrap4/js/bootstrap.bundle.min.js.map
2022-01-07 22:17:05,246 - c:\users\9i00029\appdata\local\programs\python\python37\lib\site-packages\django\utils\log.py:228 - Not Found: /static/bootstrap4/css/bootstrap.min.css.map
2022-01-07 22:17:05,283 - c:\users\9i00029\appdata\local\programs\python\python37\lib\site-packages\django\utils\log.py:228 - Not Found: /static/bootstrap4/js/bootstrap.bundle.min.js.map
2022-01-07 22:17:06,456 - c:\users\9i00029\appdata\local\programs\python\python37\lib\site-packages\django\utils\log.py:228 - Not Found: /static/bootstrap4/css/bootstrap.min.css.map
2022-01-07 22:17:06,480 - c:\users\9i00029\appdata\local\programs\python\python37\lib\site-packages\django\utils\log.py:228 - Not Found: /static/bootstrap4/js/bootstrap.bundle.min.js.map
2022-01-07 22:20:55,704 - c:\users\9i00029\appdata\local\programs\python\python37\lib\site-packages\django\utils\log.py:228 - Not Found: /static/bootstrap4/css/bootstrap.min.css.map
2022-01-07 22:20:55,740 - c:\users\9i00029\appdata\local\programs\python\python37\lib\site-packages\django\utils\log.py:228 - Not Found: /static/bootstrap4/js/bootstrap.bundle.min.js.map
2022-01-07 22:20:56,877 - c:\users\9i00029\appdata\local\programs\python\python37\lib\site-packages\django\utils\log.py:228 - Not Found: /static/bootstrap4/css/bootstrap.min.css.map
2022-01-07 22:20:56,890 - c:\users\9i00029\appdata\local\programs\python\python37\lib\site-packages\django\utils\log.py:228 - Not Found: /static/bootstrap4/js/bootstrap.bundle.min.js.map
2022-01-07 23:27:42,824 - c:\users\9i00029\appdata\local\programs\python\python37\lib\site-packages\django\utils\log.py:228 - Not Found: /static/bootstrap4/css/bootstrap.min.css.map
2022-01-07 23:27:42,859 - c:\users\9i00029\appdata\local\programs\python\python37\lib\site-packages\django\utils\log.py:228 - Not Found: /static/bootstrap4/js/bootstrap.bundle.min.js.map
2022-01-07 23:27:44,076 - c:\users\9i00029\appdata\local\programs\python\python37\lib\site-packages\django\utils\log.py:228 - Not Found: /static/bootstrap4/css/bootstrap.min.css.map
2022-01-07 23:27:44,097 - c:\users\9i00029\appdata\local\programs\python\python37\lib\site-packages\django\utils\log.py:228 - Not Found: /static/bootstrap4/js/bootstrap.bundle.min.js.map
2022-01-07 23:33:27,542 - c:\users\9i00029\appdata\local\programs\python\python37\lib\site-packages\django\utils\log.py:228 - Not Found: /static/bootstrap4/css/bootstrap.min.css.map
2022-01-07 23:33:27,581 - c:\users\9i00029\appdata\local\programs\python\python37\lib\site-packages\django\utils\log.py:228 - Not Found: /static/bootstrap4/js/bootstrap.bundle.min.js.map
2022-01-07 23:33:28,707 - c:\users\9i00029\appdata\local\programs\python\python37\lib\site-packages\django\utils\log.py:228 - Not Found: /static/bootstrap4/css/bootstrap.min.css.map
2022-01-07 23:33:28,805 - c:\users\9i00029\appdata\local\programs\python\python37\lib\site-packages\django\utils\log.py:228 - Not Found: /static/bootstrap4/js/bootstrap.bundle.min.js.map
2022-01-07 23:55:51,880 - c:\users\9i00029\appdata\local\programs\python\python37\lib\site-packages\django\utils\log.py:228 - Internal Server Error: /p/m5wo9jet/zts/TradingPage/3/
Traceback (most recent call last):
  File "c:\users\9i00029\appdata\local\programs\python\python37\lib\site-packages\pandas\core\indexes\base.py", line 3361, in get_loc
    return self._engine.get_loc(casted_key)
  File "pandas\_libs\index.pyx", line 76, in pandas._libs.index.IndexEngine.get_loc
  File "pandas\_libs\index.pyx", line 108, in pandas._libs.index.IndexEngine.get_loc
  File "pandas\_libs\hashtable_class_helper.pxi", line 5198, in pandas._libs.hashtable.PyObjectHashTable.get_item
  File "pandas\_libs\hashtable_class_helper.pxi", line 5206, in pandas._libs.hashtable.PyObjectHashTable.get_item
KeyError: 'Share2'

The above exception was the direct cause of the following exception:

Traceback (most recent call last):
  File "c:\users\9i00029\appdata\local\programs\python\python37\lib\site-packages\otree\views\abstract.py", line 235, in get_context_data
    context['js_vars'] = self.js_vars()
  File "C:\Users\9i00029\PycharmProjects\OtreeZTS\ZTS\pages.py", line 44, in js_vars
    share2=timeseries_df['Share2'].to_list(),
  File "c:\users\9i00029\appdata\local\programs\python\python37\lib\site-packages\pandas\core\frame.py", line 3458, in __getitem__
    indexer = self.columns.get_loc(key)
  File "c:\users\9i00029\appdata\local\programs\python\python37\lib\site-packages\pandas\core\indexes\base.py", line 3363, in get_loc
    raise KeyError(key) from err
KeyError: 'Share2'
2022-01-07 23:55:51,998 - c:\users\9i00029\appdata\local\programs\python\python37\lib\site-packages\django\utils\log.py:228 - Not Found: /static/bootstrap4/js/bootstrap.bundle.min.js.map
2022-01-07 23:56:47,297 - c:\users\9i00029\appdata\local\programs\python\python37\lib\site-packages\django\utils\log.py:228 - Internal Server Error: /p/jo8crwze/zts/TradingPage/3/
Traceback (most recent call last):
  File "c:\users\9i00029\appdata\local\programs\python\python37\lib\site-packages\pandas\core\indexes\base.py", line 3361, in get_loc
    return self._engine.get_loc(casted_key)
  File "pandas\_libs\index.pyx", line 76, in pandas._libs.index.IndexEngine.get_loc
  File "pandas\_libs\index.pyx", line 108, in pandas._libs.index.IndexEngine.get_loc
  File "pandas\_libs\hashtable_class_helper.pxi", line 5198, in pandas._libs.hashtable.PyObjectHashTable.get_item
  File "pandas\_libs\hashtable_class_helper.pxi", line 5206, in pandas._libs.hashtable.PyObjectHashTable.get_item
KeyError: 'Share2'

The above exception was the direct cause of the following exception:

Traceback (most recent call last):
  File "c:\users\9i00029\appdata\local\programs\python\python37\lib\site-packages\otree\views\abstract.py", line 235, in get_context_data
    context['js_vars'] = self.js_vars()
  File "C:\Users\9i00029\PycharmProjects\OtreeZTS\ZTS\pages.py", line 44, in js_vars
    share2=timeseries_df['Share2'].to_list(),
  File "c:\users\9i00029\appdata\local\programs\python\python37\lib\site-packages\pandas\core\frame.py", line 3458, in __getitem__
    indexer = self.columns.get_loc(key)
  File "c:\users\9i00029\appdata\local\programs\python\python37\lib\site-packages\pandas\core\indexes\base.py", line 3363, in get_loc
    raise KeyError(key) from err
KeyError: 'Share2'
2022-01-08 00:23:23,295 - c:\users\9i00029\appdata\local\programs\python\python37\lib\site-packages\django\utils\log.py:228 - Not Found: /static/bootstrap4/js/bootstrap.bundle.min.js.map
2022-01-08 00:23:23,346 - c:\users\9i00029\appdata\local\programs\python\python37\lib\site-packages\django\utils\log.py:228 - Not Found: /static/bootstrap4/css/bootstrap.min.css.map
2022-01-08 00:23:38,841 - c:\users\9i00029\appdata\local\programs\python\python37\lib\site-packages\django\utils\log.py:228 - Not Found: /static/bootstrap4/js/bootstrap.bundle.min.js.map
2022-01-08 00:23:38,906 - c:\users\9i00029\appdata\local\programs\python\python37\lib\site-packages\django\utils\log.py:228 - Not Found: /static/bootstrap4/css/bootstrap.min.css.map
2022-01-08 00:23:40,413 - c:\users\9i00029\appdata\local\programs\python\python37\lib\site-packages\django\utils\log.py:228 - Not Found: /static/bootstrap4/css/bootstrap.min.css.map
2022-01-08 00:23:40,437 - c:\users\9i00029\appdata\local\programs\python\python37\lib\site-packages\django\utils\log.py:228 - Not Found: /static/bootstrap4/js/bootstrap.bundle.min.js.map
2022-01-08 00:23:42,193 - c:\users\9i00029\appdata\local\programs\python\python37\lib\site-packages\django\utils\log.py:228 - Not Found: /static/bootstrap4/css/bootstrap.min.css.map
2022-01-08 00:23:42,221 - c:\users\9i00029\appdata\local\programs\python\python37\lib\site-packages\django\utils\log.py:228 - Not Found: /static/bootstrap4/js/bootstrap.bundle.min.js.map
2022-01-08 00:24:05,091 - c:\users\9i00029\appdata\local\programs\python\python37\lib\site-packages\django\utils\log.py:228 - Not Found: /static/bootstrap4/css/bootstrap.min.css.map
2022-01-08 00:24:05,459 - c:\users\9i00029\appdata\local\programs\python\python37\lib\site-packages\django\utils\log.py:228 - Not Found: /static/bootstrap4/js/bootstrap.bundle.min.js.map
2022-01-08 00:26:31,353 - c:\users\9i00029\appdata\local\programs\python\python37\lib\site-packages\django\utils\log.py:228 - Not Found: /static/bootstrap4/css/bootstrap.min.css.map
2022-01-08 00:26:31,398 - c:\users\9i00029\appdata\local\programs\python\python37\lib\site-packages\django\utils\log.py:228 - Not Found: /static/bootstrap4/js/bootstrap.bundle.min.js.map
2022-01-08 00:27:05,848 - c:\users\9i00029\appdata\local\programs\python\python37\lib\site-packages\django\utils\log.py:228 - Not Found: /static/bootstrap4/css/bootstrap.min.css.map
2022-01-08 00:27:05,878 - c:\users\9i00029\appdata\local\programs\python\python37\lib\site-packages\django\utils\log.py:228 - Not Found: /static/bootstrap4/js/bootstrap.bundle.min.js.map
2022-01-08 00:28:10,451 - c:\users\9i00029\appdata\local\programs\python\python37\lib\site-packages\django\utils\log.py:228 - Not Found: /static/bootstrap4/css/bootstrap.min.css.map
2022-01-08 00:28:10,484 - c:\users\9i00029\appdata\local\programs\python\python37\lib\site-packages\django\utils\log.py:228 - Not Found: /static/bootstrap4/js/bootstrap.bundle.min.js.map
2022-01-08 00:28:24,126 - c:\users\9i00029\appdata\local\programs\python\python37\lib\site-packages\django\utils\log.py:228 - Not Found: /static/bootstrap4/css/bootstrap.min.css.map
2022-01-08 00:28:24,401 - c:\users\9i00029\appdata\local\programs\python\python37\lib\site-packages\django\utils\log.py:228 - Not Found: /static/bootstrap4/js/bootstrap.bundle.min.js.map
2022-01-08 00:28:43,401 - c:\users\9i00029\appdata\local\programs\python\python37\lib\site-packages\django\utils\log.py:228 - Not Found: /static/bootstrap4/css/bootstrap.min.css.map
2022-01-08 00:28:43,464 - c:\users\9i00029\appdata\local\programs\python\python37\lib\site-packages\django\utils\log.py:228 - Not Found: /static/bootstrap4/js/bootstrap.bundle.min.js.map
2022-01-08 00:29:34,917 - c:\users\9i00029\appdata\local\programs\python\python37\lib\site-packages\django\utils\log.py:228 - Not Found: /static/bootstrap4/css/bootstrap.min.css.map
2022-01-08 00:29:34,963 - c:\users\9i00029\appdata\local\programs\python\python37\lib\site-packages\django\utils\log.py:228 - Not Found: /static/bootstrap4/js/bootstrap.bundle.min.js.map
2022-01-08 00:30:04,469 - c:\users\9i00029\appdata\local\programs\python\python37\lib\site-packages\django\utils\log.py:228 - Not Found: /static/bootstrap4/css/bootstrap.min.css.map
2022-01-08 00:30:04,749 - c:\users\9i00029\appdata\local\programs\python\python37\lib\site-packages\django\utils\log.py:228 - Not Found: /static/bootstrap4/js/bootstrap.bundle.min.js.map
2022-01-08 00:30:14,433 - c:\users\9i00029\appdata\local\programs\python\python37\lib\site-packages\django\utils\log.py:228 - Not Found: /static/bootstrap4/css/bootstrap.min.css.map
2022-01-08 00:30:14,450 - c:\users\9i00029\appdata\local\programs\python\python37\lib\site-packages\django\utils\log.py:228 - Not Found: /static/bootstrap4/js/bootstrap.bundle.min.js.map
2022-01-08 00:30:42,030 - c:\users\9i00029\appdata\local\programs\python\python37\lib\site-packages\django\utils\log.py:228 - Not Found: /static/bootstrap4/js/bootstrap.bundle.min.js.map
2022-01-08 00:30:42,119 - c:\users\9i00029\appdata\local\programs\python\python37\lib\site-packages\django\utils\log.py:228 - Not Found: /static/bootstrap4/css/bootstrap.min.css.map
2022-01-08 00:31:41,049 - c:\users\9i00029\appdata\local\programs\python\python37\lib\site-packages\django\utils\log.py:228 - Not Found: /static/bootstrap4/css/bootstrap.min.css.map
2022-01-08 00:31:41,357 - c:\users\9i00029\appdata\local\programs\python\python37\lib\site-packages\django\utils\log.py:228 - Not Found: /static/bootstrap4/js/bootstrap.bundle.min.js.map
2022-01-08 00:32:12,016 - c:\users\9i00029\appdata\local\programs\python\python37\lib\site-packages\django\utils\log.py:228 - Not Found: /static/bootstrap4/css/bootstrap.min.css.map
2022-01-08 00:32:12,317 - c:\users\9i00029\appdata\local\programs\python\python37\lib\site-packages\django\utils\log.py:228 - Not Found: /static/bootstrap4/js/bootstrap.bundle.min.js.map
2022-01-08 00:34:01,420 - c:\users\9i00029\appdata\local\programs\python\python37\lib\site-packages\django\utils\log.py:228 - Not Found: /static/bootstrap4/css/bootstrap.min.css.map
2022-01-08 00:34:01,449 - c:\users\9i00029\appdata\local\programs\python\python37\lib\site-packages\django\utils\log.py:228 - Not Found: /static/bootstrap4/js/bootstrap.bundle.min.js.map
2022-01-08 00:34:35,543 - c:\users\9i00029\appdata\local\programs\python\python37\lib\site-packages\django\utils\log.py:228 - Not Found: /static/bootstrap4/css/bootstrap.min.css.map
2022-01-08 00:34:35,575 - c:\users\9i00029\appdata\local\programs\python\python37\lib\site-packages\django\utils\log.py:228 - Not Found: /static/bootstrap4/js/bootstrap.bundle.min.js.map
2022-01-08 00:35:24,912 - c:\users\9i00029\appdata\local\programs\python\python37\lib\site-packages\django\utils\log.py:228 - Not Found: /static/bootstrap4/css/bootstrap.min.css.map
2022-01-08 00:35:24,928 - c:\users\9i00029\appdata\local\programs\python\python37\lib\site-packages\django\utils\log.py:228 - Not Found: /static/bootstrap4/js/bootstrap.bundle.min.js.map
